[16:34:40] [main/INFO]: Setting user: Player794
[16:34:45] [Client thread/INFO]: LWJGL Version: 2.9.1
[16:35:17] [Client thread/INFO]: Reloading ResourceManager: Default, FMLFileResourcePack:Forge Mod Loader, FMLFileResourcePack:Minecraft Forge, FMLFileResourcePack:Expandmod Core
[16:35:19] [Sound Library Loader/INFO]: Sound engine started
[16:35:27] [Client thread/INFO]: Created: 16x16 textures/blocks-atlas
[16:35:27] [Client thread/INFO]: Created: 16x16 textures/items-atlas
[16:35:27] [Client thread/INFO]: Reloading ResourceManager: Default, FMLFileResourcePack:Forge Mod Loader, FMLFileResourcePack:Minecraft Forge, FMLFileResourcePack:Expandmod Core
[16:35:28] [Client thread/INFO]: Created: 512x256 textures/blocks-atlas
[16:35:29] [Client thread/INFO]: Created: 512x256 textures/items-atlas
[16:35:30] [Sound Library Loader/INFO]: Sound engine started
[16:35:43] [Server thread/INFO]: Starting integrated minecraft server version 1.7.10
[16:35:43] [Server thread/INFO]: Generating keypair
[16:35:44] [Server thread/INFO]: Preparing start region for level 0
[16:35:45] [Server thread/INFO]: Preparing spawn area: 1%
[16:35:46] [Server thread/INFO]: Preparing spawn area: 92%
[16:35:46] [Server thread/INFO]: Changing view distance to 2, from 10
[16:35:48] [Server thread/INFO]: Player794[local:E:ba7d2a7b] logged in with entity id 373 at (-230.57519522033212, 76.12227989595179, 217.36631267035008)
[16:35:48] [Server thread/INFO]: Player794 a rejoint la partie
[16:35:54] [Server thread/INFO]: Player794 vient d'obtenir le succès [Faire l'inventaire]
[16:35:54] [Client thread/INFO]: [CHAT] Player794 vient d'obtenir le succès [Faire l'inventaire]
[16:36:22] [Client thread/INFO]: [CHAT] Capture d'écran enregistrée sous le nom de 2019-05-24_16.36.21.png
[16:36:31] [Client thread/INFO]: [CHAT] Capture d'écran enregistrée sous le nom de 2019-05-24_16.36.30.png
[16:36:32] [Server thread/INFO]: Saving and pausing game...
[16:36:32] [Server thread/INFO]: Saving chunks for level 'Nouveau monde'/Overworld
[16:36:33] [Server thread/INFO]: Saving chunks for level 'Nouveau monde'/Nether
[16:36:33] [Server thread/INFO]: Saving chunks for level 'Nouveau monde'/The End
[16:36:34] [Server thread/INFO]: Saving and pausing game...
[16:36:34] [Server thread/INFO]: Saving chunks for level 'Nouveau monde'/Overworld
[16:36:35] [Server thread/INFO]: Saving chunks for level 'Nouveau monde'/Nether
[16:36:35] [Server thread/INFO]: Saving chunks for level 'Nouveau monde'/The End
[16:36:38] [Client thread/ERROR]: Couldn't open link
java.lang.reflect.InvocationTargetException
	at sun.reflect.NativeMethodAccessorImpl.invoke0(Native Method) ~[?:1.8.0_201]
	at sun.reflect.NativeMethodAccessorImpl.invoke(Unknown Source) ~[?:1.8.0_201]
	at sun.reflect.DelegatingMethodAccessorImpl.invoke(Unknown Source) ~[?:1.8.0_201]
	at java.lang.reflect.Method.invoke(Unknown Source) ~[?:1.8.0_201]
	at net.minecraft.client.gui.GuiChat.func_146407_a(GuiChat.java:303) [GuiChat.class:?]
	at net.minecraft.client.gui.GuiChat.mouseClicked(GuiChat.java:245) [GuiChat.class:?]
	at net.minecraft.client.gui.GuiScreen.handleMouseInput(GuiScreen.java:344) [GuiScreen.class:?]
	at net.minecraft.client.gui.GuiChat.handleMouseInput(GuiChat.java:169) [GuiChat.class:?]
	at net.minecraft.client.gui.GuiScreen.handleInput(GuiScreen.java:313) [GuiScreen.class:?]
	at net.minecraft.client.Minecraft.runTick(Minecraft.java:1731) [Minecraft.class:?]
	at net.minecraft.client.Minecraft.runGameLoop(Minecraft.java:1039) [Minecraft.class:?]
	at net.minecraft.client.Minecraft.run(Minecraft.java:962) [Minecraft.class:?]
	at net.minecraft.client.main.Main.main(Main.java:164) [Main.class:?]
	at sun.reflect.NativeMethodAccessorImpl.invoke0(Native Method) ~[?:1.8.0_201]
	at sun.reflect.NativeMethodAccessorImpl.invoke(Unknown Source) ~[?:1.8.0_201]
	at sun.reflect.DelegatingMethodAccessorImpl.invoke(Unknown Source) ~[?:1.8.0_201]
	at java.lang.reflect.Method.invoke(Unknown Source) ~[?:1.8.0_201]
	at net.minecraft.launchwrapper.Launch.launch(Launch.java:135) [launchwrapper-1.12.jar:?]
	at net.minecraft.launchwrapper.Launch.main(Launch.java:28) [launchwrapper-1.12.jar:?]
	at net.minecraftforge.gradle.GradleStartCommon.launch(Unknown Source) [start/:?]
	at GradleStart.main(Unknown Source) [start/:?]
Caused by: java.io.IOException: Failed to open file:/C:/Users/anton/Documents/Desktop/Developement/Serveur/forge%20src/eclipse/./screenshots/2019-05-24_16.36.30.png. Error message: Le fichier spécifié est introuvable.

	at sun.awt.windows.WDesktopPeer.ShellExecute(Unknown Source) ~[?:1.8.0_201]
	at sun.awt.windows.WDesktopPeer.browse(Unknown Source) ~[?:1.8.0_201]
	at java.awt.Desktop.browse(Unknown Source) ~[?:1.8.0_201]
	... 21 more
[16:36:41] [Client thread/ERROR]: Couldn't open link
java.lang.reflect.InvocationTargetException
	at sun.reflect.NativeMethodAccessorImpl.invoke0(Native Method) ~[?:1.8.0_201]
	at sun.reflect.NativeMethodAccessorImpl.invoke(Unknown Source) ~[?:1.8.0_201]
	at sun.reflect.DelegatingMethodAccessorImpl.invoke(Unknown Source) ~[?:1.8.0_201]
	at java.lang.reflect.Method.invoke(Unknown Source) ~[?:1.8.0_201]
	at net.minecraft.client.gui.GuiChat.func_146407_a(GuiChat.java:303) [GuiChat.class:?]
	at net.minecraft.client.gui.GuiChat.mouseClicked(GuiChat.java:245) [GuiChat.class:?]
	at net.minecraft.client.gui.GuiScreen.handleMouseInput(GuiScreen.java:344) [GuiScreen.class:?]
	at net.minecraft.client.gui.GuiChat.handleMouseInput(GuiChat.java:169) [GuiChat.class:?]
	at net.minecraft.client.gui.GuiScreen.handleInput(GuiScreen.java:313) [GuiScreen.class:?]
	at net.minecraft.client.Minecraft.runTick(Minecraft.java:1731) [Minecraft.class:?]
	at net.minecraft.client.Minecraft.runGameLoop(Minecraft.java:1039) [Minecraft.class:?]
	at net.minecraft.client.Minecraft.run(Minecraft.java:962) [Minecraft.class:?]
	at net.minecraft.client.main.Main.main(Main.java:164) [Main.class:?]
	at sun.reflect.NativeMethodAccessorImpl.invoke0(Native Method) ~[?:1.8.0_201]
	at sun.reflect.NativeMethodAccessorImpl.invoke(Unknown Source) ~[?:1.8.0_201]
	at sun.reflect.DelegatingMethodAccessorImpl.invoke(Unknown Source) ~[?:1.8.0_201]
	at java.lang.reflect.Method.invoke(Unknown Source) ~[?:1.8.0_201]
	at net.minecraft.launchwrapper.Launch.launch(Launch.java:135) [launchwrapper-1.12.jar:?]
	at net.minecraft.launchwrapper.Launch.main(Launch.java:28) [launchwrapper-1.12.jar:?]
	at net.minecraftforge.gradle.GradleStartCommon.launch(Unknown Source) [start/:?]
	at GradleStart.main(Unknown Source) [start/:?]
Caused by: java.io.IOException: Failed to open file:/C:/Users/anton/Documents/Desktop/Developement/Serveur/forge%20src/eclipse/./screenshots/2019-05-24_16.36.30.png. Error message: Le fichier spécifié est introuvable.

	at sun.awt.windows.WDesktopPeer.ShellExecute(Unknown Source) ~[?:1.8.0_201]
	at sun.awt.windows.WDesktopPeer.browse(Unknown Source) ~[?:1.8.0_201]
	at java.awt.Desktop.browse(Unknown Source) ~[?:1.8.0_201]
	... 21 more
[16:36:42] [Client thread/ERROR]: Couldn't open link
java.lang.reflect.InvocationTargetException
	at sun.reflect.NativeMethodAccessorImpl.invoke0(Native Method) ~[?:1.8.0_201]
	at sun.reflect.NativeMethodAccessorImpl.invoke(Unknown Source) ~[?:1.8.0_201]
	at sun.reflect.DelegatingMethodAccessorImpl.invoke(Unknown Source) ~[?:1.8.0_201]
	at java.lang.reflect.Method.invoke(Unknown Source) ~[?:1.8.0_201]
	at net.minecraft.client.gui.GuiChat.func_146407_a(GuiChat.java:303) [GuiChat.class:?]
	at net.minecraft.client.gui.GuiChat.mouseClicked(GuiChat.java:245) [GuiChat.class:?]
	at net.minecraft.client.gui.GuiScreen.handleMouseInput(GuiScreen.java:344) [GuiScreen.class:?]
	at net.minecraft.client.gui.GuiChat.handleMouseInput(GuiChat.java:169) [GuiChat.class:?]
	at net.minecraft.client.gui.GuiScreen.handleInput(GuiScreen.java:313) [GuiScreen.class:?]
	at net.minecraft.client.Minecraft.runTick(Minecraft.java:1731) [Minecraft.class:?]
	at net.minecraft.client.Minecraft.runGameLoop(Minecraft.java:1039) [Minecraft.class:?]
	at net.minecraft.client.Minecraft.run(Minecraft.java:962) [Minecraft.class:?]
	at net.minecraft.client.main.Main.main(Main.java:164) [Main.class:?]
	at sun.reflect.NativeMethodAccessorImpl.invoke0(Native Method) ~[?:1.8.0_201]
	at sun.reflect.NativeMethodAccessorImpl.invoke(Unknown Source) ~[?:1.8.0_201]
	at sun.reflect.DelegatingMethodAccessorImpl.invoke(Unknown Source) ~[?:1.8.0_201]
	at java.lang.reflect.Method.invoke(Unknown Source) ~[?:1.8.0_201]
	at net.minecraft.launchwrapper.Launch.launch(Launch.java:135) [launchwrapper-1.12.jar:?]
	at net.minecraft.launchwrapper.Launch.main(Launch.java:28) [launchwrapper-1.12.jar:?]
	at net.minecraftforge.gradle.GradleStartCommon.launch(Unknown Source) [start/:?]
	at GradleStart.main(Unknown Source) [start/:?]
Caused by: java.io.IOException: Failed to open file:/C:/Users/anton/Documents/Desktop/Developement/Serveur/forge%20src/eclipse/./screenshots/2019-05-24_16.36.30.png. Error message: Le fichier spécifié est introuvable.

	at sun.awt.windows.WDesktopPeer.ShellExecute(Unknown Source) ~[?:1.8.0_201]
	at sun.awt.windows.WDesktopPeer.browse(Unknown Source) ~[?:1.8.0_201]
	at java.awt.Desktop.browse(Unknown Source) ~[?:1.8.0_201]
	... 21 more
[16:36:42] [Client thread/ERROR]: Couldn't open link
java.lang.reflect.InvocationTargetException
	at sun.reflect.NativeMethodAccessorImpl.invoke0(Native Method) ~[?:1.8.0_201]
	at sun.reflect.NativeMethodAccessorImpl.invoke(Unknown Source) ~[?:1.8.0_201]
	at sun.reflect.DelegatingMethodAccessorImpl.invoke(Unknown Source) ~[?:1.8.0_201]
	at java.lang.reflect.Method.invoke(Unknown Source) ~[?:1.8.0_201]
	at net.minecraft.client.gui.GuiChat.func_146407_a(GuiChat.java:303) [GuiChat.class:?]
	at net.minecraft.client.gui.GuiChat.mouseClicked(GuiChat.java:245) [GuiChat.class:?]
	at net.minecraft.client.gui.GuiScreen.handleMouseInput(GuiScreen.java:344) [GuiScreen.class:?]
	at net.minecraft.client.gui.GuiChat.handleMouseInput(GuiChat.java:169) [GuiChat.class:?]
	at net.minecraft.client.gui.GuiScreen.handleInput(GuiScreen.java:313) [GuiScreen.class:?]
	at net.minecraft.client.Minecraft.runTick(Minecraft.java:1731) [Minecraft.class:?]
	at net.minecraft.client.Minecraft.runGameLoop(Minecraft.java:1039) [Minecraft.class:?]
	at net.minecraft.client.Minecraft.run(Minecraft.java:962) [Minecraft.class:?]
	at net.minecraft.client.main.Main.main(Main.java:164) [Main.class:?]
	at sun.reflect.NativeMethodAccessorImpl.invoke0(Native Method) ~[?:1.8.0_201]
	at sun.reflect.NativeMethodAccessorImpl.invoke(Unknown Source) ~[?:1.8.0_201]
	at sun.reflect.DelegatingMethodAccessorImpl.invoke(Unknown Source) ~[?:1.8.0_201]
	at java.lang.reflect.Method.invoke(Unknown Source) ~[?:1.8.0_201]
	at net.minecraft.launchwrapper.Launch.launch(Launch.java:135) [launchwrapper-1.12.jar:?]
	at net.minecraft.launchwrapper.Launch.main(Launch.java:28) [launchwrapper-1.12.jar:?]
	at net.minecraftforge.gradle.GradleStartCommon.launch(Unknown Source) [start/:?]
	at GradleStart.main(Unknown Source) [start/:?]
Caused by: java.io.IOException: Failed to open file:/C:/Users/anton/Documents/Desktop/Developement/Serveur/forge%20src/eclipse/./screenshots/2019-05-24_16.36.30.png. Error message: Le fichier spécifié est introuvable.

	at sun.awt.windows.WDesktopPeer.ShellExecute(Unknown Source) ~[?:1.8.0_201]
	at sun.awt.windows.WDesktopPeer.browse(Unknown Source) ~[?:1.8.0_201]
	at java.awt.Desktop.browse(Unknown Source) ~[?:1.8.0_201]
	... 21 more
[16:36:42] [Client thread/ERROR]: Couldn't open link
java.lang.reflect.InvocationTargetException
	at sun.reflect.NativeMethodAccessorImpl.invoke0(Native Method) ~[?:1.8.0_201]
	at sun.reflect.NativeMethodAccessorImpl.invoke(Unknown Source) ~[?:1.8.0_201]
	at sun.reflect.DelegatingMethodAccessorImpl.invoke(Unknown Source) ~[?:1.8.0_201]
	at java.lang.reflect.Method.invoke(Unknown Source) ~[?:1.8.0_201]
	at net.minecraft.client.gui.GuiChat.func_146407_a(GuiChat.java:303) [GuiChat.class:?]
	at net.minecraft.client.gui.GuiChat.mouseClicked(GuiChat.java:245) [GuiChat.class:?]
	at net.minecraft.client.gui.GuiScreen.handleMouseInput(GuiScreen.java:344) [GuiScreen.class:?]
	at net.minecraft.client.gui.GuiChat.handleMouseInput(GuiChat.java:169) [GuiChat.class:?]
	at net.minecraft.client.gui.GuiScreen.handleInput(GuiScreen.java:313) [GuiScreen.class:?]
	at net.minecraft.client.Minecraft.runTick(Minecraft.java:1731) [Minecraft.class:?]
	at net.minecraft.client.Minecraft.runGameLoop(Minecraft.java:1039) [Minecraft.class:?]
	at net.minecraft.client.Minecraft.run(Minecraft.java:962) [Minecraft.class:?]
	at net.minecraft.client.main.Main.main(Main.java:164) [Main.class:?]
	at sun.reflect.NativeMethodAccessorImpl.invoke0(Native Method) ~[?:1.8.0_201]
	at sun.reflect.NativeMethodAccessorImpl.invoke(Unknown Source) ~[?:1.8.0_201]
	at sun.reflect.DelegatingMethodAccessorImpl.invoke(Unknown Source) ~[?:1.8.0_201]
	at java.lang.reflect.Method.invoke(Unknown Source) ~[?:1.8.0_201]
	at net.minecraft.launchwrapper.Launch.launch(Launch.java:135) [launchwrapper-1.12.jar:?]
	at net.minecraft.launchwrapper.Launch.main(Launch.java:28) [launchwrapper-1.12.jar:?]
	at net.minecraftforge.gradle.GradleStartCommon.launch(Unknown Source) [start/:?]
	at GradleStart.main(Unknown Source) [start/:?]
Caused by: java.io.IOException: Failed to open file:/C:/Users/anton/Documents/Desktop/Developement/Serveur/forge%20src/eclipse/./screenshots/2019-05-24_16.36.30.png. Error message: Le fichier spécifié est introuvable.

	at sun.awt.windows.WDesktopPeer.ShellExecute(Unknown Source) ~[?:1.8.0_201]
	at sun.awt.windows.WDesktopPeer.browse(Unknown Source) ~[?:1.8.0_201]
	at java.awt.Desktop.browse(Unknown Source) ~[?:1.8.0_201]
	... 21 more
[16:37:29] [Server thread/WARN]: Can't keep up! Did the system time change, or is the server overloaded? Running 2923ms behind, skipping 58 tick(s)
[16:37:46] [Server thread/INFO]: Saving and pausing game...
[16:37:46] [Server thread/INFO]: Saving chunks for level 'Nouveau monde'/Overworld
[16:37:46] [Server thread/INFO]: Saving chunks for level 'Nouveau monde'/Nether
[16:37:46] [Server thread/INFO]: Saving chunks for level 'Nouveau monde'/The End
[16:37:47] [Server thread/INFO]: Stopping server
[16:37:47] [Server thread/INFO]: Saving players
[16:37:47] [Server thread/INFO]: Saving worlds
[16:37:47] [Server thread/INFO]: Saving chunks for level 'Nouveau monde'/Overworld
[16:37:47] [Server thread/INFO]: Saving chunks for level 'Nouveau monde'/Nether
[16:37:47] [Server thread/INFO]: Saving chunks for level 'Nouveau monde'/The End
[16:37:49] [Client thread/INFO]: Stopping!
